<?xml version="1.0" encoding="UTF-8"?>
<!-- Generated by org.testng.reporters.JUnitXMLReporter -->
<testsuite hostname="AliMeer" ignored="0" name="Test" tests="3" failures="1" timestamp="2020-08-16T13:44:31 BST" time="13.909" errors="0">
  <testcase name="testKeyword" time="7.094" classname="mavenTest.JobServe"/>
  <testcase name="testLocation" time="0.079" classname="mavenTest.JobServe"/>
  <testcase name="testJobTitle" time="0.291" classname="mavenTest.JobServe">
    <failure type="java.lang.AssertionError">
      <![CDATA[java.lang.AssertionError
at org.junit.Assert.fail(Assert.java:86)
at mavenTest.JobServe.testJobTitle(JobServe.java:107)
at java.util.ArrayList.forEach(ArrayList.java:1257)
... Removed 31 stack frames]]>
    </failure>
  </testcase> <!-- testJobTitle -->
</testsuite> <!-- Test -->
